\BOOKMARK [1][]{section*.3}{\376\377\000\332\000v\000o\000d}{}% 1
\BOOKMARK [1][]{section.4}{\376\377\000R\000o\000z\000p\000o\000z\000n\000\341\000v\000a\000n\000i\000e\000\040\000t\000v\000\341\000r\000e}{}% 2
\BOOKMARK [2][]{subsection.5}{\376\377\000R\000o\000z\000d\000e\000l\000e\000n\000i\000e}{section.4}% 3
\BOOKMARK [2][]{subsection.6}{\376\377\000P\000r\000o\000c\000e\000s\000\040\000i\000d\000e\000n\000t\000i\000f\000i\000k\000\341\000c\000i\000e}{section.4}% 4
\BOOKMARK [2][]{subsection.8}{\376\377\000T\000e\000c\000h\000n\000i\000k\000y\000\040\000r\000o\000z\000p\000o\000z\000n\000\341\000v\000a\000n\000i\000a\000\040\000t\000v\000\341\000r\000i}{section.4}% 5
\BOOKMARK [3][]{subsubsection.9}{\376\377\000E\000i\000g\000e\000n\000f\000a\000c\000e\000s}{subsection.8}% 6
\BOOKMARK [3][]{subsubsection.12}{\376\377\000L\000i\000n\000e\000a\000r\000\040\000D\000i\000s\000c\000r\000i\000m\000i\000n\000a\000n\000t\000\040\000A\000n\000a\000l\000y\000s\000i\000s\000,\000\040\000F\000i\000s\000h\000e\000r\000f\000a\000c\000e\000s}{subsection.8}% 7
\BOOKMARK [3][]{subsubsection.16}{\376\377\000I\000n\000d\000e\000n\000p\000e\000n\000d\000e\000n\000t\000\040\000C\000o\000m\000p\000o\000n\000e\000n\000t\000\040\000A\000n\000a\000l\000y\000s\000i\000s}{subsection.8}% 8
\BOOKMARK [3][]{subsubsection.17}{\376\377\000L\000o\000c\000a\000l\000\040\000F\000e\000a\000t\000u\000r\000e\000\040\000A\000n\000a\000l\000y\000s\000i\000s}{subsection.8}% 9
\BOOKMARK [3][]{subsubsection.18}{\376\377\000N\000e\000u\000r\000\363\000n\000o\000v\000\351\000\040\000s\000i\000e\000t\000e\000\040\000a\000\040\000S\000u\000p\000p\000o\000r\000t\000\040\000V\000e\000c\000t\000o\000r\000\040\000M\000a\000c\000h\000i\000n\000e\000s}{subsection.8}% 10
\BOOKMARK [1][]{section.19}{\376\377\000N\000e\000u\000r\000\363\000n\000o\000v\000\351\000\040\000s\000i\000e\000t\000e}{}% 11
\BOOKMARK [2][]{subsection.20}{\376\377\000N\000e\000u\000r\000\363\000n}{section.19}% 12
\BOOKMARK [2][]{subsection.25}{\376\377\000A\000k\000t\000i\000v\000a\001\015\000n\000\351\000\040\000f\000u\000n\000k\000c\000i\000e}{section.19}% 13
\BOOKMARK [2][]{subsection.31}{\376\377\000T\000r\000\351\000n\000o\000v\000a\000n\000i\000e\000\040\000n\000e\000u\000r\000\363\000v\000e\000j\000\040\000s\000i\000e\000t\000e}{section.19}% 14
\BOOKMARK [2][]{subsection.33}{\376\377\000G\000r\000a\000d\000i\000e\000n\000t\000\040\000d\000e\000s\000c\000e\000n\000t}{section.19}% 15
\BOOKMARK [2][]{subsection.37}{\376\377\000S\000t\000o\000c\000h\000a\000s\000t\000i\000c\000\040\000g\000r\000a\000d\000e\000n\000t\000\040\000d\000e\000s\000c\000e\000n\000t}{section.19}% 16
\BOOKMARK [2][]{subsection.38}{\376\377\000G\000e\000n\000e\000r\000a\000l\000i\000z\000\341\000c\000i\000a\000,\000\040\000o\000v\000e\000r\000f\000i\000t\000t\000i\000n\000g\000\040\000a\000\040\000u\000n\000d\000e\000r\000f\000i\000t\000t\000i\000n\000g}{section.19}% 17
\BOOKMARK [2][]{subsection.41}{\376\377\000R\000e\000g\000u\000l\000a\000r\000i\000z\000\341\000c\000i\000a}{section.19}% 18
\BOOKMARK [3][]{subsubsection.42}{\376\377\000L\0002\000\040\000r\000e\000g\000u\000l\000a\000r\000i\000z\000\341\000c\000i\000a}{subsection.41}% 19
\BOOKMARK [3][]{subsubsection.44}{\376\377\000L\0001\000\040\000r\000e\000g\000u\000l\000a\000r\000i\000z\000\341\000c\000i\000a}{subsection.41}% 20
\BOOKMARK [2][]{subsection.46}{\376\377\000K\000o\000n\000v\000o\000l\000u\001\015\000n\000\351\000\040\000n\000e\000u\000r\000\363\000n\000o\000v\000\351\000\040\000s\000i\000e\000t\000e}{section.19}% 21
\BOOKMARK [3][]{subsubsection.48}{\376\377\000K\000o\000n\000v\000o\000l\000\372\000c\000i\000a}{subsection.46}% 22
\BOOKMARK [3][]{subsubsection.53}{\376\377\000P\000o\000o\000l\000i\000n\000g}{subsection.46}% 23
\BOOKMARK [1][]{section.56}{\376\377\000M\000o\000d\000e\000l\000\040\000n\000e\000u\000r\000\363\000n\000o\000v\000e\000j\000\040\000s\000i\000e\000t\000e\000\040\000n\000a\000\040\000r\000o\000z\000p\000o\000z\000n\000\341\000v\000a\000n\000i\000e\000\040\000t\000v\000\341\000r\000\355}{}% 24
\BOOKMARK [2][]{subsection.59}{\376\377\000F\000a\000c\000e\000n\000e\000t}{section.56}% 25
\BOOKMARK [2][]{subsection.66}{\376\377\000T\000e\000n\000s\000o\000r\000f\000l\000o\000w}{section.56}% 26
\BOOKMARK [1][]{section*.67}{\376\377\000Z\000\341\000v\000e\000r}{}% 27
\BOOKMARK [1][]{section*.68}{\376\377\000Z\000o\000z\000n\000a\000m\000\040\000p\000o\000u\001\176\000i\000t\000e\000j\000\040\000l\000i\000t\000e\000r\000a\000t\000\372\000r\000y}{}% 28
\BOOKMARK [1][]{section*.69}{\376\377\000P\000r\000\355\000l\000o\000h\000y}{}% 29
